#
# A fatal error has been detected by the Java Runtime Environment:
#
#  EXCEPTION_ACCESS_VIOLATION (0xc0000005) at pc=0x00000000775332d0, pid=3936, tid=6660
#
# JRE version: OpenJDK Runtime Environment (11.0.6+8) (build 11.0.6+8-b520.43)
# Java VM: OpenJDK 64-Bit Server VM (11.0.6+8-b520.43, mixed mode, sharing, tiered, compressed oops, g1 gc, windows-amd64)
# Problematic frame:
# C  [ntdll.dll+0x532d0]
#
# No core dump will be written. Minidumps are not enabled by default on client versions of Windows
#
# If you would like to submit a bug report, please visit:
#   http://bugreport.java.com/bugreport/crash.jsp
# The crash happened outside the Java Virtual Machine in native code.
# See problematic frame for where to report the bug.
#

---------------  S U M M A R Y ------------

Command Line: -Dfile.encoding=windows-1250 -Duser.country=PL -Duser.language=pl -Duser.variant Main

Host: Intel(R) Core(TM) i3-3240 CPU @ 3.40GHz, 4 cores, 7G,  Windows 7 , 64 bit Build 7601 (6.1.7601.17514)
Time: Fri Jul 17 17:51:32 2020 ?rodkowoeuropejski czas letni elapsed time: 33 seconds (0d 0h 0m 33s)

---------------  T H R E A D  ---------------

Current thread (0x000000001ee3d800):  JavaThread "QuantumRenderer-0" daemon [_thread_in_native, id=6660, stack(0x000000001f3f0000,0x000000001f4f0000)]

Stack: [0x000000001f3f0000,0x000000001f4f0000],  sp=0x000000001f4ee830,  free space=1018k
Native frames: (J=compiled Java code, j=interpreted, Vv=VM code, C=native code)
C  [ntdll.dll+0x532d0]
C  [kernel32.dll+0x2307a]
C  [d3d9.dll+0x2319]

Java frames: (J=compiled Java code, j=interpreted, Vv=VM code)
j  com.sun.prism.d3d.D3DSwapChain.nPresent(JJ)I+0 javafx.graphics@11.0.6
j  com.sun.prism.d3d.D3DSwapChain.present()Z+16 javafx.graphics@11.0.6
j  com.sun.javafx.tk.quantum.PresentingPainter.run()V+446 javafx.graphics@11.0.6
j  java.util.concurrent.Executors$RunnableAdapter.call()Ljava/lang/Object;+4 java.base@11.0.6
j  java.util.concurrent.FutureTask.runAndReset()Z+44 java.base@11.0.6
j  com.sun.javafx.tk.RenderJob.run()V+1 javafx.graphics@11.0.6
j  java.util.concurrent.ThreadPoolExecutor.runWorker(Ljava/util/concurrent/ThreadPoolExecutor$Worker;)V+92 java.base@11.0.6
j  java.util.concurrent.ThreadPoolExecutor$Worker.run()V+5 java.base@11.0.6
j  com.sun.javafx.tk.quantum.QuantumRenderer$PipelineRunnable.run()V+8 javafx.graphics@11.0.6
j  java.lang.Thread.run()V+11 java.base@11.0.6
v  ~StubRoutines::call_stub

siginfo: EXCEPTION_ACCESS_VIOLATION (0xc0000005), reading address 0x0000000001eeab98


Register to memory mapping:

RIP=0x00000000775332d0 ntdll.dll
RAX=0x0000004b7b5ba5df is an unknown value
RBX=0x0000000001eeab90 is pointing into the stack for thread: 0x0000000000147800
RCX=0x000000ffffffffff is an unknown value
RDX=0x000000001ee64b30 points into unknown readable memory: 00 00 00 00 00 00 00 00
RSP=0x000000001f4ee830 is pointing into the stack for thread: 0x000000001ee3d800
RBP=0x0 is NULL
RSI=0x000000001f390000 points into unknown readable memory: 00 00 00 00 00 00 00 00
RDI=0x000000001ee64b40 points into unknown readable memory: 00 00 00 00 00 00 00 00
R8 =0x000000001ee64b40 points into unknown readable memory: 00 00 00 00 00 00 00 00
R9 =0x000000ae00590018 is an unknown value
R10=0x00000000000000c0 is an unknown value
R11=0x000000000000001b is an unknown value
R12=0x0 is NULL
R13=0x000007fee01b2140 DiscordHook64.dll
R14=0x000007fee01b21e8 DiscordHook64.dll
R15=0x00000000000004b0 is an unknown value


Registers:
RAX=0x0000004b7b5ba5df, RBX=0x0000000001eeab90, RCX=0x000000ffffffffff, RDX=0x000000001ee64b30
RSP=0x000000001f4ee830, RBP=0x0000000000000000, RSI=0x000000001f390000, RDI=0x000000001ee64b40
R8 =0x000000001ee64b40, R9 =0x000000ae00590018, R10=0x00000000000000c0, R11=0x000000000000001b
R12=0x0000000000000000, R13=0x000007fee01b2140, R14=0x000007fee01b21e8, R15=0x00000000000004b0
RIP=0x00000000775332d0, EFLAGS=0x0000000000010206

Top of Stack: (sp=0x000000001f4ee830)
0x000000001f4ee830:   000007fee01b2140 0000000000000000
0x000000001f4ee840:   000000001f2f7a20 0000000000000008
0x000000001f4ee850:   0000000000000001 00000000773e307a
0x000000001f4ee860:   0000000000000000 000000001ee64b60
0x000000001f4ee870:   00000000000004b0 000007fee01b21e8
0x000000001f4ee880:   000007fee01b2140 0000000000000000
0x000000001f4ee890:   000000001ee64b60 000000001f2f72f8
0x000000001f4ee8a0:   000000001f4eeac0 00000000773e307a
0x000000001f4ee8b0:   000000001f2f7a20 0000000000000001
0x000000001f4ee8c0:   000000001f4eeac0 000000001ee64b60
0x000000001f4ee8d0:   000000001f2f7980 000007fedec62319
0x000000001f4ee8e0:   000000001f24ce40 000000001f2f4360
0x000000001f4ee8f0:   fffffffffffffffe 000007fedec62319
0x000000001f4ee900:   000000001ee64b60 000007fedec7a675
0x000000001f4ee910:   0000000000000001 000000001f2f72f8
0x000000001f4ee920:   000000001f2f72f8 000000001ee64b60 

Instructions: (pc=0x00000000775332d0)
0x00000000775331d0:   65 48 8b 04 25 30 00 00 00 8b 15 09 77 0e 00 85
0x00000000775331e0:   d2 0f 85 5c 31 04 00 39 48 68 74 04 89 48 68 c3
0x00000000775331f0:   f3 c3 90 90 90 90 90 90 90 90 90 90 90 90 90 90
0x0000000077533200:   48 8b c4 48 83 ec 78 4d 85 c0 0f 84 06 22 00 00
0x0000000077533210:   0f ba 61 74 18 48 89 58 10 48 89 68 f8 48 89 70
0x0000000077533220:   f0 48 89 78 e8 8b ea 49 8b f8 48 8b f1 0f 82 1c
0x0000000077533230:   ac 01 00 f6 41 78 01 0f 85 81 aa 01 00 41 f6 c0
0x0000000077533240:   0f 0f 85 4f aa 01 00 49 8d 58 f0 0f 0d 0b 80 7b
0x0000000077533250:   0f 05 0f 84 03 aa 01 00 f6 43 0f 3f 0f 84 09 aa
0x0000000077533260:   01 00 48 85 db 0f 84 cb aa 01 00 80 7f ff 05 0f
0x0000000077533270:   84 59 aa 01 00 f6 43 0f 80 0f 84 ab 0e 00 00 4c
0x0000000077533280:   89 64 24 58 4c 89 6c 24 50 4c 89 74 24 48 4c 89
0x0000000077533290:   7c 24 40 48 8d 57 f0 0f 0d 0a 80 7a 0f 05 0f 84
0x00000000775332a0:   c2 aa 01 00 48 8b 42 08 48 8b da 48 b9 ff ff ff
0x00000000775332b0:   ff ff 00 00 00 48 33 de 48 23 c1 48 c1 eb 04 48
0x00000000775332c0:   33 d8 48 33 1d ff f0 0d 00 48 c1 e3 04 0f 0d 0b
0x00000000775332d0:   4c 8b 63 08 49 bd 01 00 00 00 01 00 00 00 49 be
0x00000000775332e0:   ff 7f 00 00 ff ff ff ff c6 42 0f 80 c6 42 0e 00
0x00000000775332f0:   41 bf 00 00 ff ff 4c 8b 43 10 4f 8d 0c 28 4d 23
0x0000000077533300:   ce 66 44 3b 4b 1c 0f 84 c7 1f 00 00 49 8b c0 bd
0x0000000077533310:   01 00 00 00 48 c1 e8 10 66 89 42 10 48 8b c2 49
0x0000000077533320:   2b c4 48 c1 e0 0c 48 25 00 00 ff ff 4c 0b c8 48
0x0000000077533330:   8b 03 48 89 18 49 8b c0 f0 4c 0f b1 4b 10 75 b6
0x0000000077533340:   4c 8b 7c 24 40 4c 8b 74 24 48 4c 8b 6c 24 50 66
0x0000000077533350:   45 85 c0 0f 84 e7 2b fd ff 83 fd 03 0f 84 d7 31
0x0000000077533360:   fd ff 80 3c 25 80 03 fe 7f 00 4c 8b 64 24 58 0f
0x0000000077533370:   85 a9 aa 01 00 b0 01 48 8b 74 24 68 48 8b 6c 24
0x0000000077533380:   70 48 8b 9c 24 88 00 00 00 48 8b 7c 24 60 48 83
0x0000000077533390:   c4 78 c3 90 90 90 90 90 90 90 90 90 90 90 90 90
0x00000000775333a0:   48 8b c4 55 56 57 41 54 48 81 ec e8 00 00 00 48
0x00000000775333b0:   89 58 10 4c 89 68 d8 4c 89 70 d0 4c 89 78 c8 48
0x00000000775333c0:   b8 ff ff ff ff ff ff ff 7f 45 33 ed 49 8b f0 8b 


Stack slot to memory mapping:
stack at sp + 0 slots: 0x000007fee01b2140 DiscordHook64.dll
stack at sp + 1 slots: 0x0 is NULL
stack at sp + 2 slots: 0x000000001f2f7a20 points into unknown readable memory: 20 c0 de de fe 07 00 00
stack at sp + 3 slots: 0x0000000000000008 is an unknown value
stack at sp + 4 slots: 0x0000000000000001 is an unknown value
stack at sp + 5 slots: 0x00000000773e307a kernel32.dll
stack at sp + 6 slots: 0x0 is NULL
stack at sp + 7 slots: 0x000000001ee64b60 points into unknown readable memory: b0 b0 de de fe 07 00 00


---------------  P R O C E S S  ---------------

Threads class SMR info:
_java_thread_list=0x0000000023065630, length=18, elements={
0x0000000000147800, 0x000000001d0ea800, 0x000000001d0ec800, 0x000000001dccf800,
0x000000001dcd2800, 0x000000001dcd3800, 0x000000001dce4000, 0x000000001dced800,
0x000000001eb17800, 0x000000001eb2f800, 0x000000001ee3d800, 0x000000001ee5c800,
0x000000001eec2800, 0x000000001f5cb800, 0x000000001f5c8800, 0x000000001f642000,
0x000000001f855000, 0x0000000023421800
}

Java Threads: ( => current thread )
  0x0000000000147800 JavaThread "main" [_thread_blocked, id=5740, stack(0x0000000001ea0000,0x0000000001fa0000)]
  0x000000001d0ea800 JavaThread "Reference Handler" daemon [_thread_blocked, id=8864, stack(0x000000001df90000,0x000000001e090000)]
  0x000000001d0ec800 JavaThread "Finalizer" daemon [_thread_blocked, id=2552, stack(0x000000001e170000,0x000000001e270000)]
  0x000000001dccf800 JavaThread "Signal Dispatcher" daemon [_thread_blocked, id=5804, stack(0x000000001e360000,0x000000001e460000)]
  0x000000001dcd2800 JavaThread "Attach Listener" daemon [_thread_blocked, id=9852, stack(0x000000001e510000,0x000000001e610000)]
  0x000000001dcd3800 JavaThread "C2 CompilerThread0" daemon [_thread_blocked, id=1544, stack(0x000000001e780000,0x000000001e880000)]
  0x000000001dce4000 JavaThread "C1 CompilerThread0" daemon [_thread_blocked, id=7720, stack(0x000000001e9f0000,0x000000001eaf0000)]
  0x000000001dced800 JavaThread "Sweeper thread" daemon [_thread_blocked, id=7892, stack(0x000000001e8c0000,0x000000001e9c0000)]
  0x000000001eb17800 JavaThread "Service Thread" daemon [_thread_blocked, id=2392, stack(0x000000001eff0000,0x000000001f0f0000)]
  0x000000001eb2f800 JavaThread "Common-Cleaner" daemon [_thread_blocked, id=9644, stack(0x000000001e640000,0x000000001e740000)]
=>0x000000001ee3d800 JavaThread "QuantumRenderer-0" daemon [_thread_in_native, id=6660, stack(0x000000001f3f0000,0x000000001f4f0000)]
  0x000000001ee5c800 JavaThread "InvokeLaterDispatcher" daemon [_thread_blocked, id=5244, stack(0x0000000020190000,0x0000000020290000)]
  0x000000001eec2800 JavaThread "JavaFX Application Thread" [_thread_blocked, id=6472, stack(0x00000000202f0000,0x00000000203f0000)]
  0x000000001f5cb800 JavaThread "Thread-1" daemon [_thread_in_native, id=9444, stack(0x0000000022170000,0x0000000022270000)]
  0x000000001f5c8800 JavaThread "JavaFX-Launcher" [_thread_blocked, id=6860, stack(0x0000000022040000,0x0000000022140000)]
  0x000000001f642000 JavaThread "Java2D Disposer" daemon [_thread_blocked, id=9260, stack(0x0000000022b20000,0x0000000022c20000)]
  0x000000001f855000 JavaThread "Prism Font Disposer" daemon [_thread_blocked, id=6764, stack(0x0000000026ee0000,0x0000000026fe0000)]
  0x0000000023421800 JavaThread "Cleaner-0" daemon [_thread_blocked, id=9784, stack(0x0000000028800000,0x0000000028900000)]

Other Threads:
  0x000000001d0e8000 VMThread "VM Thread" [stack: 0x000000001ddf0000,0x000000001def0000] [id=7364]
  0x000000001eb1d000 WatcherThread [stack: 0x000000001f130000,0x000000001f230000] [id=7900]
  0x000000000015e800 GCTaskThread "GC Thread#0" [stack: 0x0000000015760000,0x0000000015860000] [id=7324]
  0x000000001f5c6800 GCTaskThread "GC Thread#1" [stack: 0x0000000022510000,0x0000000022610000] [id=8928]
  0x000000001eedd000 GCTaskThread "GC Thread#2" [stack: 0x0000000022780000,0x0000000022880000] [id=6284]
  0x000000001f5da800 GCTaskThread "GC Thread#3" [stack: 0x0000000022930000,0x0000000022a30000] [id=8372]
  0x000000000018f000 ConcurrentGCThread "G1 Main Marker" [stack: 0x000000001a8f0000,0x000000001a9f0000] [id=7652]
  0x0000000000192800 ConcurrentGCThread "G1 Conc#0" [stack: 0x000000001aac0000,0x000000001abc0000] [id=6420]
  0x000000001d057800 ConcurrentGCThread "G1 Refine#0" [stack: 0x000000001d120000,0x000000001d220000] [id=6480]
  0x000000001d05c000 ConcurrentGCThread "G1 Young RemSet Sampling" [stack: 0x000000001d2f0000,0x000000001d3f0000] [id=7664]

Threads with active compile tasks:

VM state:not at safepoint (normal execution)

VM Mutex/Monitor currently owned by a thread: None

Heap address: 0x0000000080800000, size: 2040 MB, Compressed Oops mode: 32-bit
Narrow klass base: 0x0000000800000000, Narrow klass shift: 3
Compressed class space size: 1073741824 Address: 0x0000000840000000

Heap:
 garbage-first heap   total 131072K, used 48866K [0x0000000080800000, 0x0000000100000000)
  region size 1024K, 47 young (48128K), 2 survivors (2048K)
 Metaspace       used 15261K, capacity 17449K, committed 17536K, reserved 1064960K
  class space    used 2016K, capacity 2425K, committed 2432K, reserved 1048576K
Heap Regions: E=young(eden), S=young(survivor), O=old, HS=humongous(starts), HC=humongous(continues), CS=collection set, F=free, A=archive, TAMS=top-at-mark-start (previous, next)
|   0|0x0000000080800000, 0x0000000080900000, 0x0000000080900000|100%|HS|  |TAMS 0x0000000080800000, 0x0000000080800000| Complete 
|   1|0x0000000080900000, 0x0000000080a00000, 0x0000000080a00000|100%|HC|  |TAMS 0x0000000080900000, 0x0000000080900000| Complete 
|   2|0x0000000080a00000, 0x0000000080a00000, 0x0000000080b00000|  0%| F|  |TAMS 0x0000000080a00000, 0x0000000080a00000| Untracked 
|   3|0x0000000080b00000, 0x0000000080b00000, 0x0000000080c00000|  0%| F|  |TAMS 0x0000000080b00000, 0x0000000080b00000| Untracked 
|   4|0x0000000080c00000, 0x0000000080c00000, 0x0000000080d00000|  0%| F|  |TAMS 0x0000000080c00000, 0x0000000080c00000| Untracked 
|   5|0x0000000080d00000, 0x0000000080d00000, 0x0000000080e00000|  0%| F|  |TAMS 0x0000000080d00000, 0x0000000080d00000| Untracked 
|   6|0x0000000080e00000, 0x0000000080e00000, 0x0000000080f00000|  0%| F|  |TAMS 0x0000000080e00000, 0x0000000080e00000| Untracked 
|   7|0x0000000080f00000, 0x0000000080f00000, 0x0000000081000000|  0%| F|  |TAMS 0x0000000080f00000, 0x0000000080f00000| Untracked 
|   8|0x0000000081000000, 0x0000000081000000, 0x0000000081100000|  0%| F|  |TAMS 0x0000000081000000, 0x0000000081000000| Untracked 
|   9|0x0000000081100000, 0x0000000081100000, 0x0000000081200000|  0%| F|  |TAMS 0x0000000081100000, 0x0000000081100000| Untracked 
|  10|0x0000000081200000, 0x0000000081200000, 0x0000000081300000|  0%| F|  |TAMS 0x0000000081200000, 0x0000000081200000| Untracked 
|  11|0x0000000081300000, 0x0000000081300000, 0x0000000081400000|  0%| F|  |TAMS 0x0000000081300000, 0x0000000081300000| Untracked 
|  12|0x0000000081400000, 0x0000000081400000, 0x0000000081500000|  0%| F|  |TAMS 0x0000000081400000, 0x0000000081400000| Untracked 
|  13|0x0000000081500000, 0x0000000081500000, 0x0000000081600000|  0%| F|  |TAMS 0x0000000081500000, 0x0000000081500000| Untracked 
|  14|0x0000000081600000, 0x0000000081600000, 0x0000000081700000|  0%| F|  |TAMS 0x0000000081600000, 0x0000000081600000| Untracked 
|  15|0x0000000081700000, 0x0000000081700000, 0x0000000081800000|  0%| F|  |TAMS 0x0000000081700000, 0x0000000081700000| Untracked 
|  16|0x0000000081800000, 0x0000000081800000, 0x0000000081900000|  0%| F|  |TAMS 0x0000000081800000, 0x0000000081800000| Untracked 
|  17|0x0000000081900000, 0x0000000081900000, 0x0000000081a00000|  0%| F|  |TAMS 0x0000000081900000, 0x0000000081900000| Untracked 
|  18|0x0000000081a00000, 0x0000000081a00000, 0x0000000081b00000|  0%| F|  |TAMS 0x0000000081a00000, 0x0000000081a00000| Untracked 
|  19|0x0000000081b00000, 0x0000000081b00000, 0x0000000081c00000|  0%| F|  |TAMS 0x0000000081b00000, 0x0000000081b00000| Untracked 
|  20|0x0000000081c00000, 0x0000000081c00000, 0x0000000081d00000|  0%| F|  |TAMS 0x0000000081c00000, 0x0000000081c00000| Untracked 
|  21|0x0000000081d00000, 0x0000000081d00000, 0x0000000081e00000|  0%| F|  |TAMS 0x0000000081d00000, 0x0000000081d00000| Untracked 
|  22|0x0000000081e00000, 0x0000000081e00000, 0x0000000081f00000|  0%| F|  |TAMS 0x0000000081e00000, 0x0000000081e00000| Untracked 
|  23|0x0000000081f00000, 0x0000000081f00000, 0x0000000082000000|  0%| F|  |TAMS 0x0000000081f00000, 0x0000000081f00000| Untracked 
|  24|0x0000000082000000, 0x0000000082000000, 0x0000000082100000|  0%| F|  |TAMS 0x0000000082000000, 0x0000000082000000| Untracked 
|  25|0x0000000082100000, 0x0000000082100000, 0x0000000082200000|  0%| F|  |TAMS 0x0000000082100000, 0x0000000082100000| Untracked 
|  26|0x0000000082200000, 0x0000000082200000, 0x0000000082300000|  0%| F|  |TAMS 0x0000000082200000, 0x0000000082200000| Untracked 
|  27|0x0000000082300000, 0x0000000082300000, 0x0000000082400000|  0%| F|  |TAMS 0x0000000082300000, 0x0000000082300000| Untracked 
|  28|0x0000000082400000, 0x0000000082400000, 0x0000000082500000|  0%| F|  |TAMS 0x0000000082400000, 0x0000000082400000| Untracked 
|  29|0x0000000082500000, 0x0000000082500000, 0x0000000082600000|  0%| F|  |TAMS 0x0000000082500000, 0x0000000082500000| Untracked 
|  30|0x0000000082600000, 0x0000000082600000, 0x0000000082700000|  0%| F|  |TAMS 0x0000000082600000, 0x0000000082600000| Untracked 
|  31|0x0000000082700000, 0x0000000082700000, 0x0000000082800000|  0%| F|  |TAMS 0x0000000082700000, 0x0000000082700000| Untracked 
|  32|0x0000000082800000, 0x0000000082800000, 0x0000000082900000|  0%| F|  |TAMS 0x0000000082800000, 0x0000000082800000| Untracked 
|  33|0x0000000082900000, 0x0000000082900000, 0x0000000082a00000|  0%| F|  |TAMS 0x0000000082900000, 0x0000000082900000| Untracked 
|  34|0x0000000082a00000, 0x0000000082a00000, 0x0000000082b00000|  0%| F|  |TAMS 0x0000000082a00000, 0x0000000082a00000| Untracked 
|  35|0x0000000082b00000, 0x0000000082b00000, 0x0000000082c00000|  0%| F|  |TAMS 0x0000000082b00000, 0x0000000082b00000| Untracked 
|  36|0x0000000082c00000, 0x0000000082c00000, 0x0000000082d00000|  0%| F|  |TAMS 0x0000000082c00000, 0x0000000082c00000| Untracked 
|  37|0x0000000082d00000, 0x0000000082d00000, 0x0000000082e00000|  0%| F|  |TAMS 0x0000000082d00000, 0x0000000082d00000| Untracked 
|  38|0x0000000082e00000, 0x0000000082e00000, 0x0000000082f00000|  0%| F|  |TAMS 0x0000000082e00000, 0x0000000082e00000| Untracked 
|  39|0x0000000082f00000, 0x0000000082f00000, 0x0000000083000000|  0%| F|  |TAMS 0x0000000082f00000, 0x0000000082f00000| Untracked 
|  40|0x0000000083000000, 0x0000000083000000, 0x0000000083100000|  0%| F|  |TAMS 0x0000000083000000, 0x0000000083000000| Untracked 
|  41|0x0000000083100000, 0x0000000083100000, 0x0000000083200000|  0%| F|  |TAMS 0x0000000083100000, 0x0000000083100000| Untracked 
|  42|0x0000000083200000, 0x0000000083200000, 0x0000000083300000|  0%| F|  |TAMS 0x0000000083200000, 0x0000000083200000| Untracked 
|  43|0x0000000083300000, 0x0000000083300000, 0x0000000083400000|  0%| F|  |TAMS 0x0000000083300000, 0x0000000083300000| Untracked 
|  44|0x0000000083400000, 0x0000000083400000, 0x0000000083500000|  0%| F|  |TAMS 0x0000000083400000, 0x0000000083400000| Untracked 
|  45|0x0000000083500000, 0x0000000083500000, 0x0000000083600000|  0%| F|  |TAMS 0x0000000083500000, 0x0000000083500000| Untracked 
|  46|0x0000000083600000, 0x0000000083600000, 0x0000000083700000|  0%| F|  |TAMS 0x0000000083600000, 0x0000000083600000| Untracked 
|  47|0x0000000083700000, 0x0000000083700000, 0x0000000083800000|  0%| F|  |TAMS 0x0000000083700000, 0x0000000083700000| Untracked 
|  48|0x0000000083800000, 0x0000000083800000, 0x0000000083900000|  0%| F|  |TAMS 0x0000000083800000, 0x0000000083800000| Untracked 
|  49|0x0000000083900000, 0x0000000083900000, 0x0000000083a00000|  0%| F|  |TAMS 0x0000000083900000, 0x0000000083900000| Untracked 
|  50|0x0000000083a00000, 0x0000000083a00000, 0x0000000083b00000|  0%| F|  |TAMS 0x0000000083a00000, 0x0000000083a00000| Untracked 
|  51|0x0000000083b00000, 0x0000000083b00000, 0x0000000083c00000|  0%| F|  |TAMS 0x0000000083b00000, 0x0000000083b00000| Untracked 
|  52|0x0000000083c00000, 0x0000000083c00000, 0x0000000083d00000|  0%| F|  |TAMS 0x0000000083c00000, 0x0000000083c00000| Untracked 
|  53|0x0000000083d00000, 0x0000000083d00000, 0x0000000083e00000|  0%| F|  |TAMS 0x0000000083d00000, 0x0000000083d00000| Untracked 
|  54|0x0000000083e00000, 0x0000000083e00000, 0x0000000083f00000|  0%| F|  |TAMS 0x0000000083e00000, 0x0000000083e00000| Untracked 
|  55|0x0000000083f00000, 0x0000000083f00000, 0x0000000084000000|  0%| F|  |TAMS 0x0000000083f00000, 0x0000000083f00000| Untracked 
|  56|0x0000000084000000, 0x0000000084000000, 0x0000000084100000|  0%| F|  |TAMS 0x0000000084000000, 0x0000000084000000| Untracked 
|  57|0x0000000084100000, 0x0000000084100000, 0x0000000084200000|  0%| F|  |TAMS 0x0000000084100000, 0x0000000084100000| Untracked 
|  58|0x0000000084200000, 0x0000000084200000, 0x0000000084300000|  0%| F|  |TAMS 0x0000000084200000, 0x0000000084200000| Untracked 
|  59|0x0000000084300000, 0x0000000084300000, 0x0000000084400000|  0%| F|  |TAMS 0x0000000084300000, 0x0000000084300000| Untracked 
|  60|0x0000000084400000, 0x0000000084400000, 0x0000000084500000|  0%| F|  |TAMS 0x0000000084400000, 0x0000000084400000| Untracked 
|  61|0x0000000084500000, 0x0000000084500000, 0x0000000084600000|  0%| F|  |TAMS 0x0000000084500000, 0x0000000084500000| Untracked 
|  62|0x0000000084600000, 0x0000000084600000, 0x0000000084700000|  0%| F|  |TAMS 0x0000000084600000, 0x0000000084600000| Untracked 
|  63|0x0000000084700000, 0x0000000084700000, 0x0000000084800000|  0%| F|  |TAMS 0x0000000084700000, 0x0000000084700000| Untracked 
|  64|0x0000000084800000, 0x0000000084800000, 0x0000000084900000|  0%| F|  |TAMS 0x0000000084800000, 0x0000000084800000| Untracked 
|  65|0x0000000084900000, 0x0000000084900000, 0x0000000084a00000|  0%| F|  |TAMS 0x0000000084900000, 0x0000000084900000| Untracked 
|  66|0x0000000084a00000, 0x0000000084a00000, 0x0000000084b00000|  0%| F|  |TAMS 0x0000000084a00000, 0x0000000084a00000| Untracked 
|  67|0x0000000084b00000, 0x0000000084b00000, 0x0000000084c00000|  0%| F|  |TAMS 0x0000000084b00000, 0x0000000084b00000| Untracked 
|  68|0x0000000084c00000, 0x0000000084c00000, 0x0000000084d00000|  0%| F|  |TAMS 0x0000000084c00000, 0x0000000084c00000| Untracked 
|  69|0x0000000084d00000, 0x0000000084d00000, 0x0000000084e00000|  0%| F|  |TAMS 0x0000000084d00000, 0x0000000084d00000| Untracked 
|  70|0x0000000084e00000, 0x0000000084e00000, 0x0000000084f00000|  0%| F|  |TAMS 0x0000000084e00000, 0x0000000084e00000| Untracked 
|  71|0x0000000084f00000, 0x0000000084f00000, 0x0000000085000000|  0%| F|  |TAMS 0x0000000084f00000, 0x0000000084f00000| Untracked 
|  72|0x0000000085000000, 0x0000000085000000, 0x0000000085100000|  0%| F|  |TAMS 0x0000000085000000, 0x0000000085000000| Untracked 
|  73|0x0000000085100000, 0x0000000085100000, 0x0000000085200000|  0%| F|  |TAMS 0x0000000085100000, 0x0000000085100000| Untracked 
|  74|0x0000000085200000, 0x0000000085200000, 0x0000000085300000|  0%| F|  |TAMS 0x0000000085200000, 0x0000000085200000| Untracked 
|  75|0x0000000085300000, 0x0000000085300000, 0x0000000085400000|  0%| F|  |TAMS 0x0000000085300000, 0x0000000085300000| Untracked 
|  76|0x0000000085400000, 0x0000000085400000, 0x0000000085500000|  0%| F|  |TAMS 0x0000000085400000, 0x0000000085400000| Untracked 
|  77|0x0000000085500000, 0x0000000085500000, 0x0000000085600000|  0%| F|  |TAMS 0x0000000085500000, 0x0000000085500000| Untracked 
|  78|0x0000000085600000, 0x0000000085600000, 0x0000000085700000|  0%| F|  |TAMS 0x0000000085600000, 0x0000000085600000| Untracked 
|  79|0x0000000085700000, 0x0000000085700000, 0x0000000085800000|  0%| F|  |TAMS 0x0000000085700000, 0x0000000085700000| Untracked 
|  80|0x0000000085800000, 0x0000000085800000, 0x0000000085900000|  0%| F|  |TAMS 0x0000000085800000, 0x0000000085800000| Untracked 
|  81|0x0000000085900000, 0x0000000085980800, 0x0000000085a00000| 50%| E|  |TAMS 0x0000000085900000, 0x0000000085900000| Complete 
|  82|0x0000000085a00000, 0x0000000085b00000, 0x0000000085b00000|100%| E|CS|TAMS 0x0000000085a00000, 0x0000000085a00000| Complete 
|  83|0x0000000085b00000, 0x0000000085c00000, 0x0000000085c00000|100%| E|CS|TAMS 0x0000000085b00000, 0x0000000085b00000| Complete 
|  84|0x0000000085c00000, 0x0000000085d00000, 0x0000000085d00000|100%| E|CS|TAMS 0x0000000085c00000, 0x0000000085c00000| Complete 
|  85|0x0000000085d00000, 0x0000000085e00000, 0x0000000085e00000|100%| E|CS|TAMS 0x0000000085d00000, 0x0000000085d00000| Complete 
|  86|0x0000000085e00000, 0x0000000085f00000, 0x0000000085f00000|100%| E|CS|TAMS 0x0000000085e00000, 0x0000000085e00000| Complete 
|  87|0x0000000085f00000, 0x0000000086000000, 0x0000000086000000|100%| E|CS|TAMS 0x0000000085f00000, 0x0000000085f00000| Complete 
|  88|0x0000000086000000, 0x0000000086100000, 0x0000000086100000|100%| E|CS|TAMS 0x0000000086000000, 0x0000000086000000| Complete 
|  89|0x0000000086100000, 0x0000000086200000, 0x0000000086200000|100%| E|CS|TAMS 0x0000000086100000, 0x0000000086100000| Complete 
|  90|0x0000000086200000, 0x0000000086300000, 0x0000000086300000|100%| E|CS|TAMS 0x0000000086200000, 0x0000000086200000| Complete 
|  91|0x0000000086300000, 0x0000000086400000, 0x0000000086400000|100%| E|CS|TAMS 0x0000000086300000, 0x0000000086300000| Complete 
|  92|0x0000000086400000, 0x0000000086500000, 0x0000000086500000|100%| E|CS|TAMS 0x0000000086400000, 0x0000000086400000| Complete 
|  93|0x0000000086500000, 0x0000000086600000, 0x0000000086600000|100%| E|CS|TAMS 0x0000000086500000, 0x0000000086500000| Complete 
|  94|0x0000000086600000, 0x0000000086700000, 0x0000000086700000|100%| E|CS|TAMS 0x0000000086600000, 0x0000000086600000| Complete 
|  95|0x0000000086700000, 0x0000000086800000, 0x0000000086800000|100%| E|CS|TAMS 0x0000000086700000, 0x0000000086700000| Complete 
|  96|0x0000000086800000, 0x0000000086900000, 0x0000000086900000|100%| E|CS|TAMS 0x0000000086800000, 0x0000000086800000| Complete 
|  97|0x0000000086900000, 0x0000000086a00000, 0x0000000086a00000|100%| E|CS|TAMS 0x0000000086900000, 0x0000000086900000| Complete 
|  98|0x0000000086a00000, 0x0000000086b00000, 0x0000000086b00000|100%| E|CS|TAMS 0x0000000086a00000, 0x0000000086a00000| Complete 
|  99|0x0000000086b00000, 0x0000000086c00000, 0x0000000086c00000|100%| E|CS|TAMS 0x0000000086b00000, 0x0000000086b00000| Complete 
| 100|0x0000000086c00000, 0x0000000086d00000, 0x0000000086d00000|100%| E|CS|TAMS 0x0000000086c00000, 0x0000000086c00000| Complete 
| 101|0x0000000086d00000, 0x0000000086e00000, 0x0000000086e00000|100%| E|CS|TAMS 0x0000000086d00000, 0x0000000086d00000| Complete 
| 102|0x0000000086e00000, 0x0000000086f00000, 0x0000000086f00000|100%| E|CS|TAMS 0x0000000086e00000, 0x0000000086e00000| Complete 
| 103|0x0000000086f00000, 0x0000000087000000, 0x0000000087000000|100%| E|CS|TAMS 0x0000000086f00000, 0x0000000086f00000| Complete 
| 104|0x0000000087000000, 0x0000000087100000, 0x0000000087100000|100%| E|CS|TAMS 0x0000000087000000, 0x0000000087000000| Complete 
| 105|0x0000000087100000, 0x0000000087200000, 0x0000000087200000|100%| E|CS|TAMS 0x0000000087100000, 0x0000000087100000| Complete 
| 106|0x0000000087200000, 0x0000000087300000, 0x0000000087300000|100%| E|CS|TAMS 0x0000000087200000, 0x0000000087200000| Complete 
| 107|0x0000000087300000, 0x0000000087400000, 0x0000000087400000|100%| E|CS|TAMS 0x0000000087300000, 0x0000000087300000| Complete 
| 108|0x0000000087400000, 0x0000000087500000, 0x0000000087500000|100%| E|CS|TAMS 0x0000000087400000, 0x0000000087400000| Complete 
| 109|0x0000000087500000, 0x0000000087600000, 0x0000000087600000|100%| E|CS|TAMS 0x0000000087500000, 0x0000000087500000| Complete 
| 110|0x0000000087600000, 0x0000000087700000, 0x0000000087700000|100%| E|CS|TAMS 0x0000000087600000, 0x0000000087600000| Complete 
| 111|0x0000000087700000, 0x0000000087800000, 0x0000000087800000|100%| E|CS|TAMS 0x0000000087700000, 0x0000000087700000| Complete 
| 112|0x0000000087800000, 0x00000000878b8840, 0x0000000087900000| 72%| S|CS|TAMS 0x0000000087800000, 0x0000000087800000| Complete 
| 113|0x0000000087900000, 0x0000000087a00000, 0x0000000087a00000|100%| S|CS|TAMS 0x0000000087900000, 0x0000000087900000| Complete 
| 114|0x0000000087a00000, 0x0000000087b00000, 0x0000000087b00000|100%| E|CS|TAMS 0x0000000087a00000, 0x0000000087a00000| Complete 
| 115|0x0000000087b00000, 0x0000000087c00000, 0x0000000087c00000|100%| E|CS|TAMS 0x0000000087b00000, 0x0000000087b00000| Complete 
| 116|0x0000000087c00000, 0x0000000087d00000, 0x0000000087d00000|100%| E|CS|TAMS 0x0000000087c00000, 0x0000000087c00000| Complete 
| 117|0x0000000087d00000, 0x0000000087e00000, 0x0000000087e00000|100%| E|CS|TAMS 0x0000000087d00000, 0x0000000087d00000| Complete 
| 118|0x0000000087e00000, 0x0000000087f00000, 0x0000000087f00000|100%| E|CS|TAMS 0x0000000087e00000, 0x0000000087e00000| Complete 
| 119|0x0000000087f00000, 0x0000000088000000, 0x0000000088000000|100%| E|CS|TAMS 0x0000000087f00000, 0x0000000087f00000| Complete 
| 120|0x0000000088000000, 0x0000000088100000, 0x0000000088100000|100%| E|CS|TAMS 0x0000000088000000, 0x0000000088000000| Complete 
| 121|0x0000000088100000, 0x0000000088200000, 0x0000000088200000|100%| E|CS|TAMS 0x0000000088100000, 0x0000000088100000| Complete 
| 122|0x0000000088200000, 0x0000000088300000, 0x0000000088300000|100%| E|CS|TAMS 0x0000000088200000, 0x0000000088200000| Complete 
| 123|0x0000000088300000, 0x0000000088400000, 0x0000000088400000|100%| E|CS|TAMS 0x0000000088300000, 0x0000000088300000| Complete 
| 124|0x0000000088400000, 0x0000000088500000, 0x0000000088500000|100%| E|CS|TAMS 0x0000000088400000, 0x0000000088400000| Complete 
| 125|0x0000000088500000, 0x0000000088600000, 0x0000000088600000|100%| E|CS|TAMS 0x0000000088500000, 0x0000000088500000| Complete 
| 126|0x0000000088600000, 0x0000000088700000, 0x0000000088700000|100%| E|CS|TAMS 0x0000000088600000, 0x0000000088600000| Complete 
| 127|0x0000000088700000, 0x0000000088800000, 0x0000000088800000|100%| E|CS|TAMS 0x0000000088700000, 0x0000000088700000| Complete 

Card table byte_map: [0x00000000160a0000,0x00000000164a0000] _byte_map_base: 0x0000000015c9c000

Marking Bits (Prev, Next): (CMBitMap*) 0x00000000001863e8, (CMBitMap*) 0x0000000000186420
 Prev Bits: [0x00000000168a0000, 0x0000000018880000)
 Next Bits: [0x0000000018880000, 0x000000001a860000)

Polling page: 0x0000000001e90000

Metaspace:

Usage:
  Non-class:     14.67 MB capacity,    12.93 MB ( 88%) used,     1.67 MB ( 11%) free+waste,    67.13 KB ( <1%) overhead. 
      Class:      2.37 MB capacity,     1.97 MB ( 83%) used,   373.91 KB ( 15%) free+waste,    34.19 KB (  1%) overhead. 
       Both:     17.04 MB capacity,    14.90 MB ( 87%) used,     2.04 MB ( 12%) free+waste,   101.31 KB ( <1%) overhead. 

Virtual space:
  Non-class space:       16.00 MB reserved,      14.75 MB ( 92%) committed 
      Class space:        1.00 GB reserved,       2.38 MB ( <1%) committed 
             Both:        1.02 GB reserved,      17.13 MB (  2%) committed 

Chunk freelists:
   Non-Class:  16.00 KB
       Class:  7.00 KB
        Both:  23.00 KB

MaxMetaspaceSize: 17179869184.00 GB
CompressedClassSpaceSize: 1.00 GB

CodeHeap 'non-profiled nmethods': size=120064Kb used=1257Kb max_used=1257Kb free=118806Kb
 bounds [0x000000000e0b0000, 0x000000000e320000, 0x00000000155f0000]
CodeHeap 'profiled nmethods': size=120000Kb used=6520Kb max_used=6520Kb free=113479Kb
 bounds [0x0000000006b80000, 0x00000000071e0000, 0x000000000e0b0000]
CodeHeap 'non-nmethods': size=5696Kb used=1337Kb max_used=1373Kb free=4358Kb
 bounds [0x00000000065f0000, 0x0000000006860000, 0x0000000006b80000]
 total_blobs=4682 nmethods=3078 adapters=656
 compilation: enabled
              stopped_count=0, restarted_count=0
 full_count=0

Compilation events (20 events):
Event: 32.352 Thread 0x000000001dcd3800 3070       4       javafx.scene.Parent::updateBounds (44 bytes)
Event: 32.355 Thread 0x000000001dce4000 3071   !   3       com.sun.javafx.sg.prism.NGNode::accumulateGroupDirtyRegion (652 bytes)
Event: 32.357 Thread 0x000000001dcd3800 nmethod 3070 0x000000000e1e6410 code [0x000000000e1e6600, 0x000000000e1e6968]
Event: 32.357 Thread 0x000000001dcd3800 3072       4       com.sun.javafx.sg.prism.NGGroup::renderForcedContent (43 bytes)
Event: 32.358 Thread 0x000000001dce4000 nmethod 3071 0x00000000071d8490 code [0x00000000071d89e0, 0x00000000071dbf80]
Event: 32.359 Thread 0x000000001dcd3800 nmethod 3072 0x000000000e1e6d90 code [0x000000000e1e6f40, 0x000000000e1e7198]
Event: 32.864 Thread 0x000000001dce4000 3073       3       com.sun.prism.impl.BaseTexture::lock (9 bytes)
Event: 32.865 Thread 0x000000001dce4000 nmethod 3073 0x00000000071ddc90 code [0x00000000071dde40, 0x00000000071de038]
Event: 33.353 Thread 0x000000001dce4000 3074       1       java.util.LinkedList::size (5 bytes)
Event: 33.353 Thread 0x000000001dce4000 nmethod 3074 0x000000000e1e7410 code [0x000000000e1e75c0, 0x000000000e1e76f8]
Event: 33.645 Thread 0x000000001dcd3800 3075       4       java.lang.Math::min (46 bytes)
Event: 33.646 Thread 0x000000001dcd3800 nmethod 3075 0x000000000e1e7790 code [0x000000000e1e7940, 0x000000000e1e7a18]
Event: 33.646 Thread 0x000000001dcd3800 3076       4       com.sun.javafx.geom.transform.Affine3D::concatenate (561 bytes)
Event: 33.649 Thread 0x000000001dcd3800 nmethod 3076 0x000000000e1e7a90 code [0x000000000e1e7c40, 0x000000000e1e7dc8]
Event: 33.649 Thread 0x000000001dcd3800 3077       4       com.sun.javafx.sg.prism.NGNode::doRender (473 bytes)
Event: 33.663 Thread 0x000000001dcd3800 nmethod 3077 0x000000000e1e8110 code [0x000000000e1e83e0, 0x000000000e1e9010]
Event: 33.663 Thread 0x000000001dcd3800 3079  s    4       com.sun.javafx.font.PrismFontFactory::getFontFactory (123 bytes)
Event: 33.664 Thread 0x000000001dcd3800 nmethod 3079 0x000000000e1e9a90 code [0x000000000e1e9c40, 0x000000000e1e9e98]
Event: 33.664 Thread 0x000000001dcd3800 3078       4       com.sun.javafx.font.CompositeStrike::getAAMode (18 bytes)
Event: 33.665 Thread 0x000000001dcd3800 nmethod 3078 0x000000000e1e9f90 code [0x000000000e1ea140, 0x000000000e1ea3f8]

GC Heap History (2 events):
Event: 0.540 GC heap before
{Heap before GC invocations=0 (full 0):
 garbage-first heap   total 131072K, used 13312K [0x0000000080800000, 0x0000000100000000)
  region size 1024K, 14 young (14336K), 0 survivors (0K)
 Metaspace       used 4165K, capacity 7652K, committed 7808K, reserved 1056768K
  class space    used 469K, capacity 854K, committed 896K, reserved 1048576K
}
Event: 0.546 GC heap after
{Heap after GC invocations=1 (full 0):
 garbage-first heap   total 131072K, used 1762K [0x0000000080800000, 0x0000000100000000)
  region size 1024K, 2 young (2048K), 2 survivors (2048K)
 Metaspace       used 4165K, capacity 7652K, committed 7808K, reserved 1056768K
  class space    used 469K, capacity 854K, committed 896K, reserved 1048576K
}

Deoptimization events (20 events):
Event: 28.410 Thread 0x000000001eec2800 Uncommon trap: trap_request=0xffffffbe fr.pc=0x000000000e19a148 relative=0x00000000000019a8
Event: 28.410 Thread 0x000000001eec2800 Uncommon trap: reason=profile_predicate action=maybe_recompile pc=0x000000000e19a148 method=javafx.css.CompoundSelector.applies(Ljavafx/css/Styleable;I[Ljava/util/Set;I)Z @ 103 c2
Event: 28.410 Thread 0x000000001eec2800 DEOPT PACKING pc=0x000000000e19a148 sp=0x00000000203eb730
Event: 28.410 Thread 0x000000001eec2800 DEOPT UNPACKING pc=0x00000000066191af sp=0x00000000203eb730 mode 2
Event: 28.410 Thread 0x000000001eec2800 Uncommon trap: trap_request=0xffffffbe fr.pc=0x000000000e19a148 relative=0x00000000000019a8
Event: 28.410 Thread 0x000000001eec2800 Uncommon trap: reason=profile_predicate action=maybe_recompile pc=0x000000000e19a148 method=javafx.css.CompoundSelector.applies(Ljavafx/css/Styleable;I[Ljava/util/Set;I)Z @ 103 c2
Event: 28.410 Thread 0x000000001eec2800 DEOPT PACKING pc=0x000000000e19a148 sp=0x00000000203eb590
Event: 28.410 Thread 0x000000001eec2800 DEOPT UNPACKING pc=0x00000000066191af sp=0x00000000203eb590 mode 2
Event: 28.410 Thread 0x000000001eec2800 Uncommon trap: trap_request=0xffffffbe fr.pc=0x000000000e19a148 relative=0x00000000000019a8
Event: 28.410 Thread 0x000000001eec2800 Uncommon trap: reason=profile_predicate action=maybe_recompile pc=0x000000000e19a148 method=javafx.css.CompoundSelector.applies(Ljavafx/css/Styleable;I[Ljava/util/Set;I)Z @ 103 c2
Event: 28.410 Thread 0x000000001eec2800 DEOPT PACKING pc=0x000000000e19a148 sp=0x00000000203eb590
Event: 28.410 Thread 0x000000001eec2800 DEOPT UNPACKING pc=0x00000000066191af sp=0x00000000203eb590 mode 2
Event: 28.411 Thread 0x000000001eec2800 Uncommon trap: trap_request=0xffffffbe fr.pc=0x000000000e19a148 relative=0x00000000000019a8
Event: 28.411 Thread 0x000000001eec2800 Uncommon trap: reason=profile_predicate action=maybe_recompile pc=0x000000000e19a148 method=javafx.css.CompoundSelector.applies(Ljavafx/css/Styleable;I[Ljava/util/Set;I)Z @ 103 c2
Event: 28.411 Thread 0x000000001eec2800 DEOPT PACKING pc=0x000000000e19a148 sp=0x00000000203eb6b0
Event: 28.411 Thread 0x000000001eec2800 DEOPT UNPACKING pc=0x00000000066191af sp=0x00000000203eb6b0 mode 2
Event: 30.278 Thread 0x000000001ee3d800 Uncommon trap: trap_request=0xffffff4d fr.pc=0x000000000e17e838 relative=0x0000000000000098
Event: 30.278 Thread 0x000000001ee3d800 Uncommon trap: reason=unstable_if action=reinterpret pc=0x000000000e17e838 method=com.sun.javafx.geom.RectBounds.isEmpty()Z @ 21 c2
Event: 30.278 Thread 0x000000001ee3d800 DEOPT PACKING pc=0x000000000e17e838 sp=0x000000001f4edbb0
Event: 30.278 Thread 0x000000001ee3d800 DEOPT UNPACKING pc=0x00000000066191af sp=0x000000001f4edb40 mode 2

Classes redefined (0 events):
No events

Internal exceptions (20 events):
Event: 0.731 Thread 0x000000001eec2800 Exception <a 'java/lang/NoSuchMethodError'{0x00000000882574c8}: 'java.lang.Object java.lang.invoke.DirectMethodHandle$Holder.invokeSpecial(java.lang.Object, java.lang.Object, int, int, java.lang.Object, java.lang.Object, java.lang.Object)'> (0x00000000882
Event: 0.732 Thread 0x000000001eec2800 Exception <a 'java/lang/NoSuchMethodError'{0x000000008825ad00}: 'java.lang.Object java.lang.invoke.DelegatingMethodHandle$Holder.reinvoke_L(java.lang.Object, int, int, java.lang.Object, java.lang.Object, java.lang.Object)'> (0x000000008825ad00) thrown at 
Event: 0.733 Thread 0x000000001eec2800 Exception <a 'java/lang/NoSuchMethodError'{0x000000008825f480}: 'java.lang.Object java.lang.invoke.DirectMethodHandle$Holder.invokeStatic(java.lang.Object, java.lang.Object, java.lang.Object, java.lang.Object, int)'> (0x000000008825f480) thrown at [c:/Bui
Event: 0.928 Thread 0x000000001eec2800 Exception <a 'java/lang/NoSuchMethodError'{0x0000000087df7740}: 'void java.lang.invoke.DirectMethodHandle$Holder.invokeStaticInit(java.lang.Object, java.lang.Object)'> (0x0000000087df7740) thrown at [c:/BuildAgent/work/5ff2f6c26000d570/src/hotspot/share/i
Event: 1.046 Thread 0x000000001eec2800 Implicit null exception at 0x000000000e0f4ec5 to 0x000000000e0f553e
Event: 1.262 Thread 0x000000001eec2800 Exception <a 'java/lang/NoSuchMethodError'{0x000000008717bdb0}: 'java.lang.Object java.lang.invoke.Invokers$Holder.linkToTargetMethod(java.lang.Object, int, java.lang.Object)'> (0x000000008717bdb0) thrown at [c:/BuildAgent/work/5ff2f6c26000d570/src/hotspo
Event: 1.288 Thread 0x000000001eec2800 Exception <a 'java/lang/NoSuchMethodError'{0x00000000871f03f8}: 'java.lang.Object java.lang.invoke.DirectMethodHandle$Holder.invokeInterface(java.lang.Object, java.lang.Object, java.lang.Object)'> (0x00000000871f03f8) thrown at [c:/BuildAgent/work/5ff2f6c
Event: 1.288 Thread 0x000000001eec2800 Exception <a 'java/lang/IncompatibleClassChangeError'{0x00000000871f3650}: Found class java.lang.Object, but interface was expected> (0x00000000871f3650) thrown at [c:/BuildAgent/work/5ff2f6c26000d570/src/hotspot/share/interpreter/linkResolver.cpp, line 8
Event: 1.356 Thread 0x000000001ee3d800 Exception <a 'java/lang/NoSuchMethodError'{0x0000000086e1edc0}: 'int java.lang.invoke.DirectMethodHandle$Holder.invokeStaticInit(java.lang.Object, java.lang.Object)'> (0x0000000086e1edc0) thrown at [c:/BuildAgent/work/5ff2f6c26000d570/src/hotspot/share/in
Event: 22.099 Thread 0x000000001eec2800 Exception <a 'java/lang/NoSuchMethodError'{0x0000000086c4f928}: 'long java.lang.invoke.DirectMethodHandle$Holder.invokeStaticInit(java.lang.Object, java.lang.Object, java.lang.Object)'> (0x0000000086c4f928) thrown at [c:/BuildAgent/work/5ff2f6c26000d570/s
Event: 22.110 Thread 0x000000001eec2800 Exception <a 'java/lang/NoSuchMethodError'{0x0000000086c67f70}: 'java.lang.Object java.lang.invoke.DirectMethodHandle$Holder.invokeStatic(java.lang.Object, java.lang.Object, long)'> (0x0000000086c67f70) thrown at [c:/BuildAgent/work/5ff2f6c26000d570/src/h
Event: 22.110 Thread 0x000000001eec2800 Exception <a 'java/lang/NoSuchMethodError'{0x0000000086c6e0e8}: 'java.lang.Object java.lang.invoke.Invokers$Holder.linkToTargetMethod(java.lang.Object, long, java.lang.Object)'> (0x0000000086c6e0e8) thrown at [c:/BuildAgent/work/5ff2f6c26000d570/src/hotsp
Event: 22.225 Thread 0x000000001eec2800 Exception <a 'java/lang/NoSuchMethodError'{0x0000000086cd2ea8}: 'void java.lang.invoke.DirectMethodHandle$Holder.invokeSpecial(java.lang.Object, java.lang.Object, java.lang.Object, java.lang.Object)'> (0x0000000086cd2ea8) thrown at [c:/BuildAgent/work/5ff
Event: 22.271 Thread 0x000000001eec2800 Exception <a 'java/lang/ClassNotFoundException'{0x0000000086ac6a78}: com/sun/javafx/scene/control/skin/resources/controls> (0x0000000086ac6a78) thrown at [c:/BuildAgent/work/5ff2f6c26000d570/src/hotspot/share/prims/jni.cpp, line 636]
Event: 22.273 Thread 0x000000001eec2800 Exception <a 'java/lang/ClassNotFoundException'{0x0000000086ad7788}: com/sun/javafx/scene/control/skin/resources/controls_pl> (0x0000000086ad7788) thrown at [c:/BuildAgent/work/5ff2f6c26000d570/src/hotspot/share/prims/jni.cpp, line 636]
Event: 22.273 Thread 0x000000001eec2800 Exception <a 'java/lang/ClassNotFoundException'{0x0000000086ad8a00}: com/sun/javafx/scene/control/skin/resources/controls_pl_PL> (0x0000000086ad8a00) thrown at [c:/BuildAgent/work/5ff2f6c26000d570/src/hotspot/share/prims/jni.cpp, line 636]
Event: 22.322 Thread 0x000000001eec2800 Exception <a 'java/lang/NoSuchMethodError'{0x00000000868710f8}: 'void java.lang.invoke.DirectMethodHandle$Holder.invokeSpecial(java.lang.Object, java.lang.Object, java.lang.Object, java.lang.Object, java.lang.Object, java.lang.Object)'> (0x00000000868710f
Event: 26.242 Thread 0x000000001eec2800 Exception <a 'java/lang/NoSuchMethodError'{0x000000008627e798}: 'java.lang.Object java.lang.invoke.DirectMethodHandle$Holder.invokeStatic(java.lang.Object, java.lang.Object, int, int, int, int, int, java.lang.Object)'> (0x000000008627e798) thrown at [c:/B
Event: 26.243 Thread 0x000000001eec2800 Exception <a 'java/lang/NoSuchMethodError'{0x000000008628f770}: 'java.lang.Object java.lang.invoke.DirectMethodHandle$Holder.invokeStatic(java.lang.Object, java.lang.Object, java.lang.Object, int, int, int, int, int)'> (0x000000008628f770) thrown at [c:/B
Event: 26.243 Thread 0x000000001eec2800 Exception <a 'java/lang/NoSuchMethodError'{0x0000000086295fe0}: 'java.lang.Object java.lang.invoke.Invokers$Holder.linkToTargetMethod(java.lang.Object, java.lang.Object, int, int, int, int, int, java.lang.Object)'> (0x0000000086295fe0) thrown at [c:/Build

Events (20 events):
Event: 28.843 Loaded shared library C:\Program Files\JetBrains\IntelliJ IDEA Community Edition 2019.3.4\jbr\bin\prism_d3d.dll
Event: 28.845 Loaded shared library C:\Program Files\JetBrains\IntelliJ IDEA Community Edition 2019.3.4\jbr\bin\prism_d3d.dll
Event: 28.846 Loaded shared library C:\Program Files\JetBrains\IntelliJ IDEA Community Edition 2019.3.4\jbr\bin\prism_d3d.dll
Event: 28.847 Loaded shared library C:\Program Files\JetBrains\IntelliJ IDEA Community Edition 2019.3.4\jbr\bin\prism_d3d.dll
Event: 29.597 Thread 0x000000001ed7e000 Thread added: 0x000000001ed7e000
Event: 29.856 Thread 0x000000001ed7e000 Thread exited: 0x000000001ed7e000
Event: 29.955 Loaded shared library C:\Program Files\JetBrains\IntelliJ IDEA Community Edition 2019.3.4\jbr\bin\prism_d3d.dll
Event: 29.957 Loaded shared library C:\Program Files\JetBrains\IntelliJ IDEA Community Edition 2019.3.4\jbr\bin\prism_d3d.dll
Event: 29.958 Loaded shared library C:\Program Files\JetBrains\IntelliJ IDEA Community Edition 2019.3.4\jbr\bin\prism_d3d.dll
Event: 29.959 Loaded shared library C:\Program Files\JetBrains\IntelliJ IDEA Community Edition 2019.3.4\jbr\bin\prism_d3d.dll
Event: 31.326 Loaded shared library C:\Program Files\JetBrains\IntelliJ IDEA Community Edition 2019.3.4\jbr\bin\prism_d3d.dll
Event: 31.327 Loaded shared library C:\Program Files\JetBrains\IntelliJ IDEA Community Edition 2019.3.4\jbr\bin\prism_d3d.dll
Event: 31.329 Loaded shared library C:\Program Files\JetBrains\IntelliJ IDEA Community Edition 2019.3.4\jbr\bin\prism_d3d.dll
Event: 31.330 Loaded shared library C:\Program Files\JetBrains\IntelliJ IDEA Community Edition 2019.3.4\jbr\bin\prism_d3d.dll
Event: 33.642 loading class com/sun/javafx/tk/quantum/QuantumToolkit
Event: 33.642 loading class com/sun/javafx/tk/quantum/QuantumToolkit done
Event: 33.642 loading class com/sun/javafx/tk/quantum/QuantumToolkit
Event: 33.642 loading class com/sun/javafx/tk/quantum/QuantumToolkit done
Event: 33.643 loading class com/sun/javafx/tk/RenderJob
Event: 33.643 loading class com/sun/javafx/tk/RenderJob done


Dynamic libraries:
0x000000013f2d0000 - 0x000000013f2da000 	C:\Program Files\JetBrains\IntelliJ IDEA Community Edition 2019.3.4\jbr\bin\java.exe
0x00000000774e0000 - 0x0000000077689000 	C:\Windows\SYSTEM32\ntdll.dll
0x00000000773c0000 - 0x00000000774df000 	C:\Windows\system32\kernel32.dll
0x000007fefd6b0000 - 0x000007fefd71b000 	C:\Windows\system32\KERNELBASE.dll
0x000007fee3e90000 - 0x000007fee3ea9000 	C:\Program Files\JetBrains\IntelliJ IDEA Community Edition 2019.3.4\jbr\bin\jli.dll
0x000007fefbeb0000 - 0x000007fefc0a4000 	C:\Windows\WinSxS\amd64_microsoft.windows.common-controls_6595b64144ccf1df_6.0.7601.17514_none_fa396087175ac9ac\COMCTL32.dll
0x000007feff4a0000 - 0x000007feff53f000 	C:\Windows\system32\msvcrt.dll
0x000007fefe2e0000 - 0x000007fefe347000 	C:\Windows\system32\GDI32.dll
0x00000000772c0000 - 0x00000000773ba000 	C:\Windows\system32\USER32.dll
0x000007fefe050000 - 0x000007fefe05e000 	C:\Windows\system32\LPK.dll
0x000007fefe3d0000 - 0x000007fefe499000 	C:\Windows\system32\USP10.dll
0x000007fefdcd0000 - 0x000007fefdd41000 	C:\Windows\system32\SHLWAPI.dll
0x000007fee3b40000 - 0x000007fee3b57000 	C:\Program Files\JetBrains\IntelliJ IDEA Community Edition 2019.3.4\jbr\bin\VCRUNTIME140.dll
0x000007fee4a50000 - 0x000007fee4a54000 	C:\Program Files\JetBrains\IntelliJ IDEA Community Edition 2019.3.4\jbr\bin\api-ms-win-crt-runtime-l1-1-0.dll
0x000007fee36f0000 - 0x000007fee37ea000 	C:\Program Files\JetBrains\IntelliJ IDEA Community Edition 2019.3.4\jbr\bin\ucrtbase.DLL
0x000007fee47f0000 - 0x000007fee47f3000 	C:\Program Files\JetBrains\IntelliJ IDEA Community Edition 2019.3.4\jbr\bin\api-ms-win-core-localization-l1-2-0.dll
0x000007fee4420000 - 0x000007fee4423000 	C:\Program Files\JetBrains\IntelliJ IDEA Community Edition 2019.3.4\jbr\bin\api-ms-win-core-processthreads-l1-1-1.dll
0x000007fee3e80000 - 0x000007fee3e83000 	C:\Program Files\JetBrains\IntelliJ IDEA Community Edition 2019.3.4\jbr\bin\api-ms-win-core-file-l1-2-0.dll
0x000007fee3e60000 - 0x000007fee3e63000 	C:\Program Files\JetBrains\IntelliJ IDEA Community Edition 2019.3.4\jbr\bin\api-ms-win-core-timezone-l1-1-0.dll
0x000007fee3b30000 - 0x000007fee3b33000 	C:\Program Files\JetBrains\IntelliJ IDEA Community Edition 2019.3.4\jbr\bin\api-ms-win-core-file-l2-1-0.dll
0x000007fee3b20000 - 0x000007fee3b23000 	C:\Program Files\JetBrains\IntelliJ IDEA Community Edition 2019.3.4\jbr\bin\api-ms-win-core-synch-l1-2-0.dll
0x000007fee3b10000 - 0x000007fee3b14000 	C:\Program Files\JetBrains\IntelliJ IDEA Community Edition 2019.3.4\jbr\bin\api-ms-win-crt-string-l1-1-0.dll
0x000007fee3b00000 - 0x000007fee3b03000 	C:\Program Files\JetBrains\IntelliJ IDEA Community Edition 2019.3.4\jbr\bin\api-ms-win-crt-heap-l1-1-0.dll
0x000007fee3af0000 - 0x000007fee3af4000 	C:\Program Files\JetBrains\IntelliJ IDEA Community Edition 2019.3.4\jbr\bin\api-ms-win-crt-stdio-l1-1-0.dll
0x000007fee3ae0000 - 0x000007fee3ae4000 	C:\Program Files\JetBrains\IntelliJ IDEA Community Edition 2019.3.4\jbr\bin\api-ms-win-crt-convert-l1-1-0.dll
0x000007fee3ad0000 - 0x000007fee3ad3000 	C:\Program Files\JetBrains\IntelliJ IDEA Community Edition 2019.3.4\jbr\bin\api-ms-win-crt-environment-l1-1-0.dll
0x000007fee3ac0000 - 0x000007fee3ac3000 	C:\Program Files\JetBrains\IntelliJ IDEA Community Edition 2019.3.4\jbr\bin\api-ms-win-crt-filesystem-l1-1-0.dll
0x000007fee3ab0000 - 0x000007fee3ab5000 	C:\Program Files\JetBrains\IntelliJ IDEA Community Edition 2019.3.4\jbr\bin\api-ms-win-crt-math-l1-1-0.dll
0x000007fee3aa0000 - 0x000007fee3aa3000 	C:\Program Files\JetBrains\IntelliJ IDEA Community Edition 2019.3.4\jbr\bin\api-ms-win-crt-locale-l1-1-0.dll
0x000007fefe2b0000 - 0x000007fefe2de000 	C:\Windows\system32\IMM32.DLL
0x000007fefde10000 - 0x000007fefdf19000 	C:\Windows\system32\MSCTF.dll
0x000007fee3330000 - 0x000007fee33cd000 	C:\Program Files\JetBrains\IntelliJ IDEA Community Edition 2019.3.4\jbr\bin\msvcp140.dll
0x000007fee3a90000 - 0x000007fee3a95000 	C:\Program Files\JetBrains\IntelliJ IDEA Community Edition 2019.3.4\jbr\bin\api-ms-win-crt-multibyte-l1-1-0.dll
0x000007fee3a80000 - 0x000007fee3a83000 	C:\Program Files\JetBrains\IntelliJ IDEA Community Edition 2019.3.4\jbr\bin\api-ms-win-crt-time-l1-1-0.dll
0x000007fee3900000 - 0x000007fee3903000 	C:\Program Files\JetBrains\IntelliJ IDEA Community Edition 2019.3.4\jbr\bin\api-ms-win-crt-utility-l1-1-0.dll
0x000007fee22d0000 - 0x000007fee2d8d000 	C:\Program Files\JetBrains\IntelliJ IDEA Community Edition 2019.3.4\jbr\bin\server\jvm.dll
0x000007fefdbf0000 - 0x000007fefdccb000 	C:\Windows\system32\ADVAPI32.dll
0x000007fefe060000 - 0x000007fefe07f000 	C:\Windows\SYSTEM32\sechost.dll
0x000007fefdf20000 - 0x000007fefe04d000 	C:\Windows\system32\RPCRT4.dll
0x000007fef0c70000 - 0x000007fef0c79000 	C:\Windows\system32\WSOCK32.dll
0x000007fefe260000 - 0x000007fefe2ad000 	C:\Windows\system32\WS2_32.dll
0x000007fefd980000 - 0x000007fefd988000 	C:\Windows\system32\NSI.dll
0x000007fef9f10000 - 0x000007fef9f4b000 	C:\Windows\system32\WINMM.dll
0x000007fefc540000 - 0x000007fefc54c000 	C:\Windows\system32\VERSION.dll
0x00000000776b0000 - 0x00000000776b7000 	C:\Windows\system32\PSAPI.DLL
0x000007fee6500000 - 0x000007fee6511000 	C:\Program Files\JetBrains\IntelliJ IDEA Community Edition 2019.3.4\jbr\bin\verify.dll
0x000007fefb150000 - 0x000007fefb275000 	C:\Windows\system32\DBGHELP.DLL
0x000007fee4c00000 - 0x000007fee4c29000 	C:\Program Files\JetBrains\IntelliJ IDEA Community Edition 2019.3.4\jbr\bin\java.dll
0x000007fee64e0000 - 0x000007fee64f8000 	C:\Program Files\JetBrains\IntelliJ IDEA Community Edition 2019.3.4\jbr\bin\zip.dll
0x000007fee6530000 - 0x000007fee653b000 	C:\Program Files\JetBrains\IntelliJ IDEA Community Edition 2019.3.4\jbr\bin\jimage.dll
0x000007fefe710000 - 0x000007feff498000 	C:\Windows\system32\SHELL32.dll
0x000007fefe500000 - 0x000007fefe703000 	C:\Windows\system32\ole32.dll
0x000007fefd430000 - 0x000007fefd43f000 	C:\Windows\system32\profapi.dll
0x000007fee4990000 - 0x000007fee4993000 	C:\Program Files\JetBrains\IntelliJ IDEA Community Edition 2019.3.4\jbr\bin\api-ms-win-core-console-l1-1-0.dll
0x000007fefb890000 - 0x000007fefb893000 	C:\Program Files\JetBrains\IntelliJ IDEA Community Edition 2019.3.4\jbr\bin\api-ms-win-core-datetime-l1-1-0.dll
0x000007fee4790000 - 0x000007fee4793000 	C:\Program Files\JetBrains\IntelliJ IDEA Community Edition 2019.3.4\jbr\bin\api-ms-win-core-debug-l1-1-0.dll
0x000007fee4780000 - 0x000007fee4783000 	C:\Program Files\JetBrains\IntelliJ IDEA Community Edition 2019.3.4\jbr\bin\api-ms-win-core-errorhandling-l1-1-0.dll
0x000007fee4770000 - 0x000007fee4774000 	C:\Program Files\JetBrains\IntelliJ IDEA Community Edition 2019.3.4\jbr\bin\api-ms-win-core-file-l1-1-0.dll
0x000007fee4760000 - 0x000007fee4763000 	C:\Program Files\JetBrains\IntelliJ IDEA Community Edition 2019.3.4\jbr\bin\api-ms-win-core-handle-l1-1-0.dll
0x000007fee4750000 - 0x000007fee4753000 	C:\Program Files\JetBrains\IntelliJ IDEA Community Edition 2019.3.4\jbr\bin\api-ms-win-core-heap-l1-1-0.dll
0x000007fee4740000 - 0x000007fee4743000 	C:\Program Files\JetBrains\IntelliJ IDEA Community Edition 2019.3.4\jbr\bin\api-ms-win-core-interlocked-l1-1-0.dll
0x000007fee4730000 - 0x000007fee4733000 	C:\Program Files\JetBrains\IntelliJ IDEA Community Edition 2019.3.4\jbr\bin\api-ms-win-core-libraryloader-l1-1-0.dll
0x000007fee4720000 - 0x000007fee4723000 	C:\Program Files\JetBrains\IntelliJ IDEA Community Edition 2019.3.4\jbr\bin\api-ms-win-core-memory-l1-1-0.dll
0x000007fee45f0000 - 0x000007fee45f3000 	C:\Program Files\JetBrains\IntelliJ IDEA Community Edition 2019.3.4\jbr\bin\api-ms-win-core-namedpipe-l1-1-0.dll
0x000007fee45e0000 - 0x000007fee45e3000 	C:\Program Files\JetBrains\IntelliJ IDEA Community Edition 2019.3.4\jbr\bin\api-ms-win-core-processenvironment-l1-1-0.dll
0x000007fee45d0000 - 0x000007fee45d3000 	C:\Program Files\JetBrains\IntelliJ IDEA Community Edition 2019.3.4\jbr\bin\api-ms-win-core-processthreads-l1-1-0.dll
0x000007fee45c0000 - 0x000007fee45c3000 	C:\Program Files\JetBrains\IntelliJ IDEA Community Edition 2019.3.4\jbr\bin\api-ms-win-core-profile-l1-1-0.dll
0x000007fee4590000 - 0x000007fee4593000 	C:\Program Files\JetBrains\IntelliJ IDEA Community Edition 2019.3.4\jbr\bin\api-ms-win-core-rtlsupport-l1-1-0.dll
0x000007fee3e70000 - 0x000007fee3e73000 	C:\Program Files\JetBrains\IntelliJ IDEA Community Edition 2019.3.4\jbr\bin\api-ms-win-core-string-l1-1-0.dll
0x000007fee36e0000 - 0x000007fee36e3000 	C:\Program Files\JetBrains\IntelliJ IDEA Community Edition 2019.3.4\jbr\bin\api-ms-win-core-synch-l1-1-0.dll
0x000007fee36d0000 - 0x000007fee36d3000 	C:\Program Files\JetBrains\IntelliJ IDEA Community Edition 2019.3.4\jbr\bin\api-ms-win-core-sysinfo-l1-1-0.dll
0x000007fee3690000 - 0x000007fee3693000 	C:\Program Files\JetBrains\IntelliJ IDEA Community Edition 2019.3.4\jbr\bin\api-ms-win-core-util-l1-1-0.dll
0x000007fee3680000 - 0x000007fee3683000 	C:\Program Files\JetBrains\IntelliJ IDEA Community Edition 2019.3.4\jbr\bin\api-ms-win-crt-conio-l1-1-0.dll
0x000007fee3670000 - 0x000007fee3680000 	C:\Program Files\JetBrains\IntelliJ IDEA Community Edition 2019.3.4\jbr\bin\api-ms-win-crt-private-l1-1-0.dll
0x000007fee3660000 - 0x000007fee3663000 	C:\Program Files\JetBrains\IntelliJ IDEA Community Edition 2019.3.4\jbr\bin\api-ms-win-crt-process-l1-1-0.dll
0x000007fee1640000 - 0x000007fee1691000 	C:\Windows\System32\concrt140.dll
0x000007fee3300000 - 0x000007fee3323000 	C:\Program Files\JetBrains\IntelliJ IDEA Community Edition 2019.3.4\jbr\bin\prism_d3d.dll
0x000007fedec60000 - 0x000007fedee5f000 	C:\Windows\system32\d3d9.dll
0x000007fee64d0000 - 0x000007fee64d7000 	C:\Windows\system32\d3d8thk.dll
0x000007fefb7c0000 - 0x000007fefb7d8000 	C:\Windows\system32\dwmapi.dll
0x000007fefbbc0000 - 0x000007fefbc16000 	C:\Windows\system32\uxtheme.dll
0x000007fef9da0000 - 0x000007fef9eec000 	C:\Windows\system32\aticfx64.dll
0x000007fedc480000 - 0x000007fedc4a1000 	C:\Windows\system32\atiu9p64.dll
0x000007fedbc80000 - 0x000007fedc476000 	C:\Windows\system32\atiumd64.dll
0x0000000063350000 - 0x0000000063b58000 	C:\Windows\system32\atiumd6a.dll
0x000007fefc610000 - 0x000007fefc63c000 	C:\Windows\system32\POWRPROF.dll
0x000007fefe080000 - 0x000007fefe257000 	C:\Windows\system32\SETUPAPI.dll
0x000007fefd720000 - 0x000007fefd756000 	C:\Windows\system32\CFGMGR32.dll
0x000007feff670000 - 0x000007feff747000 	C:\Windows\system32\OLEAUT32.dll
0x000007fefd520000 - 0x000007fefd53a000 	C:\Windows\system32\DEVOBJ.dll
0x000007fee32b0000 - 0x000007fee32f5000 	C:\Program Files\JetBrains\IntelliJ IDEA Community Edition 2019.3.4\jbr\bin\glass.dll
0x000007feff750000 - 0x000007feff7e7000 	C:\Windows\system32\COMDLG32.dll
0x000007fefd360000 - 0x000007fefd36f000 	C:\Windows\system32\CRYPTBASE.dll
0x000007fee3200000 - 0x000007fee3214000 	C:\Program Files\JetBrains\IntelliJ IDEA Community Edition 2019.3.4\jbr\bin\javafx_font.dll
0x000007fee4170000 - 0x000007fee4311000 	C:\Program Files\JetBrains\IntelliJ IDEA Community Edition 2019.3.4\jbr\bin\awt.dll
0x000007fee3fc0000 - 0x000007fee4045000 	C:\Program Files\JetBrains\IntelliJ IDEA Community Edition 2019.3.4\jbr\bin\freetype.dll
0x000007fee3eb0000 - 0x000007fee3f58000 	C:\Program Files\JetBrains\IntelliJ IDEA Community Edition 2019.3.4\jbr\bin\fontmanager.dll
0x000007fee7850000 - 0x000007fee79ce000 	C:\Windows\system32\dwrite.dll
0x000007fefdd70000 - 0x000007fefde09000 	C:\Windows\system32\CLBCatQ.DLL
0x000007fefb650000 - 0x000007fefb77a000 	C:\Windows\system32\WindowsCodecs.dll
0x000007fefd2c0000 - 0x000007fefd317000 	C:\Windows\system32\apphelp.dll
0x000007fef93e0000 - 0x000007fef9415000 	C:\Windows\system32\EhStorShell.dll
0x000007fefbd30000 - 0x000007fefbe5c000 	C:\Windows\system32\PROPSYS.dll
0x000007fef9360000 - 0x000007fef93de000 	C:\Windows\System32\cscui.dll
0x000007fefa110000 - 0x000007fefa11c000 	C:\Windows\System32\CSCDLL.dll
0x000007fef9f00000 - 0x000007fef9f0f000 	C:\Windows\system32\CSCAPI.dll
0x000007fef92e0000 - 0x000007fef9360000 	C:\Windows\system32\ntshrui.dll
0x000007fefd020000 - 0x000007fefd043000 	C:\Windows\system32\srvcli.dll
0x000007fefb060000 - 0x000007fefb06b000 	C:\Windows\system32\slc.dll
0x000007fee30d0000 - 0x000007fee30fd000 	C:\Program Files\Common Files\Microsoft Shared\Ink\rtscom.dll
0x000007fedfed0000 - 0x000007fee01eb000 	C:\Users\Roman\AppData\Roaming\Discord\0.0.306\modules\discord_hook\4fa15075109\DiscordHook64.dll
0x000007fefd540000 - 0x000007fefd6ad000 	C:\Windows\system32\CRYPT32.dll
0x000007fefd4d0000 - 0x000007fefd4df000 	C:\Windows\system32\MSASN1.dll
0x000007fefd4e0000 - 0x000007fefd51b000 	C:\Windows\system32\WINTRUST.dll
0x000007fefacf0000 - 0x000007fefad17000 	C:\Windows\system32\IPHLPAPI.DLL
0x000007fefacb0000 - 0x000007fefacbb000 	C:\Windows\system32\WINNSI.DLL
0x000007fefc770000 - 0x000007fefc78e000 	C:\Windows\system32\USERENV.dll
0x000007fefcc60000 - 0x000007fefccb5000 	C:\Windows\system32\mswsock.dll
0x000007fefc660000 - 0x000007fefc667000 	C:\Windows\System32\wshtcpip.dll
0x000007fefcc50000 - 0x000007fefcc57000 	C:\Windows\System32\wship6.dll
0x000007fefb620000 - 0x000007fefb64d000 	C:\Windows\system32\ntmarta.dll
0x000007fefe4a0000 - 0x000007fefe4f2000 	C:\Windows\system32\WLDAP32.dll

dbghelp: loaded successfully - version: 4.0.5 - missing functions: none
symbol engine: initialized successfully - sym options: 0x614 - pdb path: .;C:\Program Files\JetBrains\IntelliJ IDEA Community Edition 2019.3.4\jbr\bin;C:\Windows\SYSTEM32;C:\Windows\WinSxS\amd64_microsoft.windows.common-controls_6595b64144ccf1df_6.0.7601.17514_none_fa396087175ac9ac;C:\Program Files\JetBrains\IntelliJ IDEA Community Edition 2019.3.4\jbr\bin\server;C:\Program Files\Common Files\Microsoft Shared\Ink;C:\Users\Roman\AppData\Roaming\Discord\0.0.306\modules\discord_hook\4fa15075109

VM Arguments:
jvm_args: -Dfile.encoding=windows-1250 -Duser.country=PL -Duser.language=pl -Duser.variant 
java_command: Main
java_class_path (initial): C:\Users\Roman\Desktop\TaskPixelTechnology\build\classes\java\main;C:\Users\Roman\Desktop\TaskPixelTechnology\build\resources\main
Launcher Type: SUN_STANDARD

[Global flags]
     intx CICompilerCount                          = 3                                         {product} {ergonomic}
     uint ConcGCThreads                            = 1                                         {product} {ergonomic}
     uint G1ConcRefinementThreads                  = 4                                         {product} {ergonomic}
   size_t G1HeapRegionSize                         = 1048576                                   {product} {ergonomic}
    uintx GCDrainStackTargetSize                   = 64                                        {product} {ergonomic}
   size_t InitialHeapSize                          = 134217728                                 {product} {ergonomic}
   size_t MarkStackSize                            = 4194304                                   {product} {ergonomic}
   size_t MaxHeapSize                              = 2139095040                                {product} {ergonomic}
   size_t MaxNewSize                               = 1283457024                                {product} {ergonomic}
   size_t MinHeapDeltaBytes                        = 1048576                                   {product} {ergonomic}
    uintx NonNMethodCodeHeapSize                   = 5830732                                {pd product} {ergonomic}
    uintx NonProfiledCodeHeapSize                  = 122913754                              {pd product} {ergonomic}
    uintx ProfiledCodeHeapSize                     = 122913754                              {pd product} {ergonomic}
    uintx ReservedCodeCacheSize                    = 251658240                              {pd product} {ergonomic}
     bool SegmentedCodeCache                       = true                                      {product} {ergonomic}
     bool UseCompressedClassPointers               = true                                 {lp64_product} {ergonomic}
     bool UseCompressedOops                        = true                                 {lp64_product} {ergonomic}
     bool UseG1GC                                  = true                                      {product} {ergonomic}
     bool UseLargePagesIndividualAllocation        = false                                  {pd product} {ergonomic}

Logging:
Log output configuration:
 #0: stdout all=warning uptime,level,tags
 #1: stderr all=off uptime,level,tags

Environment Variables:
PATH=C:\Program Files (x86)\Common Files\Oracle\Java\javapath;C:\Program Files (x86)\NVIDIA Corporation\PhysX\Common;C:\Program Files (x86)\Intel\iCLS Client\;C:\Program Files\Intel\iCLS Client\;C:\Windows\system32;C:\Windows;C:\Windows\System32\Wbem;C:\Windows\System32\WindowsPowerShell\v1.0\;C:\Program Files\Intel\Intel(R) Management Engine Components\DAL;C:\Program Files\Intel\Intel(R) Management Engine Components\IPT;C:\Program Files (x86)\Intel\Intel(R) Management Engine Components\DAL;C:\Program Files (x86)\Intel\Intel(R) Management Engine Components\IPT;C:\Program Files (x86)\AMD\ATI.ACE\Core-Static;C:\Program Files (x86)\Skype\Phone\;C:\Program Files\Git\cmd;C:\Go\bin;C:\Program Files\PuTTY\;C:\Program Files\nodejs\;C:\Users\Roman\AppData\Local\Programs\Python\Python36\Scripts\;C:\Users\Roman\AppData\Local\Programs\Python\Python36\;C:\Users\Roman\go\bin;C:\Users\Roman\AppData\Local\Programs\Microsoft VS Code\bin;C:\Users\Roman\AppData\Roaming\npm
USERNAME=Roman
OS=Windows_NT
PROCESSOR_IDENTIFIER=Intel64 Family 6 Model 58 Stepping 9, GenuineIntel



---------------  S Y S T E M  ---------------

OS: Windows 7 , 64 bit Build 7601 (6.1.7601.17514)

CPU:total 4 (initial active 4) (2 cores per cpu, 2 threads per core) family 6 model 58 stepping 9, cmov, cx8, fxsr, mmx, sse, sse2, sse3, ssse3, sse4.1, sse4.2, popcnt, avx, clmul, erms, ht, tsc, tscinvbit, tscinv

Memory: 4k page, system-wide physical 8154M (1936M free)
TotalPageFile size 16306M (AvailPageFile size 6450M)
current process WorkingSet (physical memory assigned to process): 152M, peak: 156M
current process commit charge ("private bytes"): 277M, peak: 283M

vm_info: OpenJDK 64-Bit Server VM (11.0.6+8-b520.43) for windows-amd64 JRE (11.0.6+8-b520.43), built on Feb  3 2020 14:18:56 by "" with MS VC++ 14.0 (VS2015)

END.
